#
# There is insufficient memory for the Java Runtime Environment to continue.
# Native memory allocation (malloc) failed to allocate 630416 bytes for Chunk::new
# Possible reasons:
#   The system is out of physical RAM or swap space
#   In 32 bit mode, the process size limit was hit
# Possible solutions:
#   Reduce memory load on the system
#   Increase physical memory or swap space
#   Check if swap backing store is full
#   Use 64 bit Java on a 64 bit OS
#   Decrease Java heap size (-Xmx/-Xms)
#   Decrease number of Java threads
#   Decrease Java thread stack sizes (-Xss)
#   Set larger code cache with -XX:ReservedCodeCacheSize=
# This output file may be truncated or incomplete.
#
#  Out of Memory Error (allocation.cpp:390), pid=1300, tid=0x00000000000017b8
#
# JRE version: Java(TM) SE Runtime Environment (8.0_111-b14) (build 1.8.0_111-b14)
# Java VM: Java HotSpot(TM) 64-Bit Server VM (25.111-b14 mixed mode windows-amd64 compressed oops)
# Failed to write core dump. Minidumps are not enabled by default on client versions of Windows
#

---------------  T H R E A D  ---------------

Current thread (0x0000000016672800):  JavaThread "C2 CompilerThread1" daemon [_thread_in_native, id=6072, stack(0x0000000017dc0000,0x0000000017ec0000)]

Stack: [0x0000000017dc0000,0x0000000017ec0000]
[error occurred during error reporting (printing stack bounds), id 0xc0000005]

Native frames: (J=compiled Java code, j=interpreted, Vv=VM code, C=native code)


Current CompileTask:
C2:  13906 3424   !   4       java.util.jar.Attributes::read (380 bytes)


---------------  P R O C E S S  ---------------

Java Threads: ( => current thread )
  0x0000000019a68800 JavaThread "Cache worker for Build Output Cleanup Cache (C:\Users\domin\Documents\GitHub\BadelCollection\.gradle\buildOutputCleanup)" [_thread_blocked, id=14360, stack(0x0000000022480000,0x0000000022580000)]
  0x0000000019a6d800 JavaThread "pool-1-thread-1" [_thread_blocked, id=7132, stack(0x0000000021ca0000,0x0000000021da0000)]
  0x0000000019a6a800 JavaThread "Build operations Thread 4" [_thread_blocked, id=452, stack(0x0000000020b70000,0x0000000020c70000)]
  0x0000000019a6e800 JavaThread "Build operations Thread 3" [_thread_blocked, id=10516, stack(0x0000000020a70000,0x0000000020b70000)]
  0x0000000019a6d000 JavaThread "Build operations Thread 2" [_thread_blocked, id=15444, stack(0x0000000020970000,0x0000000020a70000)]
  0x0000000019a6f000 JavaThread "Build operations" [_thread_blocked, id=6976, stack(0x0000000020870000,0x0000000020970000)]
  0x0000000019863000 JavaThread "Cache worker for execution history cache (C:\Users\domin\.gradle\caches\5.1.1\executionHistory)" [_thread_blocked, id=5508, stack(0x0000000020570000,0x0000000020670000)]
  0x0000000019862800 JavaThread "Cache worker for cache directory md-rule (C:\Users\domin\.gradle\caches\5.1.1\md-rule)" [_thread_blocked, id=4020, stack(0x0000000020470000,0x0000000020570000)]
  0x000000001985e000 JavaThread "Cache worker for cache directory md-supplier (C:\Users\domin\.gradle\caches\5.1.1\md-supplier)" [_thread_blocked, id=2628, stack(0x000000001ecd0000,0x000000001edd0000)]
  0x000000001985f800 JavaThread "Cache worker for file hash cache (C:\Users\domin\Documents\GitHub\BadelCollection\.gradle\5.1.1\fileHashes)" [_thread_blocked, id=3948, stack(0x000000001d5b0000,0x000000001d6b0000)]
  0x000000001985e800 JavaThread "Cache worker for journal cache (C:\Users\domin\.gradle\caches\journal-1)" [_thread_blocked, id=10984, stack(0x000000001b310000,0x000000001b410000)]
  0x0000000019864000 JavaThread "File lock request listener" [_thread_in_native, id=9824, stack(0x000000001b110000,0x000000001b210000)]
  0x0000000019860000 JavaThread "Cache worker for file hash cache (C:\Users\domin\.gradle\caches\5.1.1\fileHashes)" [_thread_blocked, id=6712, stack(0x000000001b010000,0x000000001b110000)]
  0x00000000199c6800 JavaThread "Thread-9" [_thread_blocked, id=12280, stack(0x000000001af10000,0x000000001b010000)]
  0x00000000199c4000 JavaThread "Stdin handler" [_thread_blocked, id=6512, stack(0x000000001ae10000,0x000000001af10000)]
  0x00000000199ee800 JavaThread "Asynchronous log dispatcher for DefaultDaemonConnection: socket connection from /127.0.0.1:3444 to /127.0.0.1:3445" [_thread_blocked, id=5156, stack(0x000000001ad10000,0x000000001ae10000)]
  0x00000000199c9800 JavaThread "Daemon worker" [_thread_in_Java, id=11088, stack(0x000000001ac10000,0x000000001ad10000)]
  0x00000000199e9800 JavaThread "Cancel handler" [_thread_blocked, id=9528, stack(0x000000001ab10000,0x000000001ac10000)]
  0x000000001972a800 JavaThread "Handler for socket connection from /127.0.0.1:3444 to /127.0.0.1:3445" [_thread_in_native, id=12344, stack(0x000000001a810000,0x000000001a910000)]
  0x0000000019657800 JavaThread "Daemon" [_thread_blocked, id=12488, stack(0x000000001a710000,0x000000001a810000)]
  0x0000000019654800 JavaThread "Daemon periodic checks" [_thread_blocked, id=1164, stack(0x000000001a610000,0x000000001a710000)]
  0x00000000195dc800 JavaThread "Incoming local TCP Connector on port 3444" [_thread_in_native, id=5560, stack(0x000000001a3d0000,0x000000001a4d0000)]
  0x000000001954b000 JavaThread "Daemon health stats" [_thread_blocked, id=10780, stack(0x0000000019d90000,0x0000000019e90000)]
  0x0000000017ff0800 JavaThread "Service Thread" daemon [_thread_blocked, id=13136, stack(0x00000000183c0000,0x00000000184c0000)]
  0x0000000016684000 JavaThread "C1 CompilerThread2" daemon [_thread_blocked, id=9736, stack(0x0000000017ec0000,0x0000000017fc0000)]
=>0x0000000016672800 JavaThread "C2 CompilerThread1" daemon [_thread_in_native, id=6072, stack(0x0000000017dc0000,0x0000000017ec0000)]
  0x000000001666f000 JavaThread "C2 CompilerThread0" daemon [_thread_in_native, id=14844, stack(0x0000000017cc0000,0x0000000017dc0000)]
  0x000000001666d000 JavaThread "Attach Listener" daemon [_thread_blocked, id=14892, stack(0x0000000017bc0000,0x0000000017cc0000)]
  0x000000001666c000 JavaThread "Signal Dispatcher" daemon [_thread_blocked, id=8288, stack(0x0000000017ac0000,0x0000000017bc0000)]
  0x000000001665a800 JavaThread "Finalizer" daemon [_thread_blocked, id=15156, stack(0x00000000178d0000,0x00000000179d0000)]
  0x0000000002cf0000 JavaThread "Reference Handler" daemon [_thread_blocked, id=13164, stack(0x00000000177d0000,0x00000000178d0000)]
  0x0000000002afe000 JavaThread "main" [_thread_blocked, id=2868, stack(0x0000000002b00000,0x0000000002c00000)]

Other Threads:
  0x0000000016637800 VMThread [stack: 0x00000000176d0000,0x00000000177d0000] [id=16156]
  0x0000000018001000 WatcherThread [stack: 0x00000000184c0000,0x00000000185c0000] [id=8324]

VM state:not at safepoint (normal execution)

VM Mutex/Monitor currently owned by a thread: None

Heap:
 PSYoungGen      total 220160K, used 49756K [0x00000000e0000000, 0x00000000ee680000, 0x0000000100000000)
  eden space 204288K, 24% used [0x00000000e0000000,0x00000000e3097370,0x00000000ec780000)
  from space 15872K, 0% used [0x00000000ed700000,0x00000000ed700000,0x00000000ee680000)
  to   space 15872K, 0% used [0x00000000ec780000,0x00000000ec780000,0x00000000ed700000)
 ParOldGen       total 103424K, used 17398K [0x00000000a0000000, 0x00000000a6500000, 0x00000000e0000000)
  object space 103424K, 16% used [0x00000000a0000000,0x00000000a10fd8c8,0x00000000a6500000)
 Metaspace       used 41177K, capacity 41972K, committed 42112K, reserved 1085440K
  class space    used 5736K, capacity 6016K, committed 6016K, reserved 1048576K

Card table byte_map: [0x00000000120c0000,0x00000000123d0000] byte_map_base: 0x0000000011bc0000

Marking Bits: (ParMarkBitMap*) 0x000000005d0ca6c0
 Begin Bits: [0x00000000129d0000, 0x00000000141d0000)
 End Bits:   [0x00000000141d0000, 0x00000000159d0000)

Polling page: 0x0000000000d30000

CodeCache: size=245760Kb used=11039Kb max_used=11050Kb free=234721Kb
 bounds [0x0000000002d00000, 0x00000000037e0000, 0x0000000011d00000]
 total_blobs=3945 nmethods=3213 adapters=645
 compilation: enabled

Compilation events (10 events):
Event: 13.867 Thread 0x000000001666f000 3477 %     4       sun.security.provider.SHA2::implCompress @ 12 (331 bytes)
Event: 13.878 Thread 0x0000000016684000 3478       3       sun.security.util.SignatureFileVerifier::updateSigners (132 bytes)
Event: 13.880 Thread 0x0000000016684000 nmethod 3478 0x00000000037c7c10 code [0x00000000037c7ea0, 0x00000000037c8f48]
Event: 13.880 Thread 0x0000000016684000 3479       3       sun.security.util.SignatureFileVerifier::matches (93 bytes)
Event: 13.883 Thread 0x0000000016684000 nmethod 3479 0x00000000037c98d0 code [0x00000000037c9b40, 0x00000000037cac78]
Event: 13.883 Thread 0x0000000016684000 3480       3       java.security.Provider::checkInitialized (16 bytes)
Event: 13.884 Thread 0x0000000016684000 nmethod 3480 0x00000000037c5490 code [0x00000000037c5600, 0x00000000037c5848]
Event: 13.884 Thread 0x0000000016684000 3481       3       java.security.Provider$ServiceKey::<init> (8 bytes)
Event: 13.884 Thread 0x0000000016684000 nmethod 3481 0x00000000037c50d0 code [0x00000000037c5240, 0x00000000037c53c8]
Event: 13.897 Thread 0x0000000016684000 3484       3       java.util.jar.Manifest::read (328 bytes)

GC Heap History (10 events):
Event: 6.669 GC heap before
{Heap before GC invocations=4 (full 0):
 PSYoungGen      total 70656K, used 53201K [0x00000000e0000000, 0x00000000e8a00000, 0x0000000100000000)
  eden space 65536K, 73% used [0x00000000e0000000,0x00000000e2ef84b0,0x00000000e4000000)
  from space 5120K, 99% used [0x00000000e4000000,0x00000000e44fc010,0x00000000e4500000)
  to   space 5120K, 0% used [0x00000000e8500000,0x00000000e8500000,0x00000000e8a00000)
 ParOldGen       total 86016K, used 5177K [0x00000000a0000000, 0x00000000a5400000, 0x00000000e0000000)
  object space 86016K, 6% used [0x00000000a0000000,0x00000000a050e670,0x00000000a5400000)
 Metaspace       used 20783K, capacity 21212K, committed 21296K, reserved 1067008K
  class space    used 2995K, capacity 3182K, committed 3200K, reserved 1048576K
Event: 6.692 GC heap after
Heap after GC invocations=4 (full 0):
 PSYoungGen      total 136192K, used 5110K [0x00000000e0000000, 0x00000000e8a00000, 0x0000000100000000)
  eden space 131072K, 0% used [0x00000000e0000000,0x00000000e0000000,0x00000000e8000000)
  from space 5120K, 99% used [0x00000000e8500000,0x00000000e89fda70,0x00000000e8a00000)
  to   space 5120K, 0% used [0x00000000e8000000,0x00000000e8000000,0x00000000e8500000)
 ParOldGen       total 86016K, used 11127K [0x00000000a0000000, 0x00000000a5400000, 0x00000000e0000000)
  object space 86016K, 12% used [0x00000000a0000000,0x00000000a0addef8,0x00000000a5400000)
 Metaspace       used 20783K, capacity 21212K, committed 21296K, reserved 1067008K
  class space    used 2995K, capacity 3182K, committed 3200K, reserved 1048576K
}
Event: 6.692 GC heap before
{Heap before GC invocations=5 (full 1):
 PSYoungGen      total 136192K, used 5110K [0x00000000e0000000, 0x00000000e8a00000, 0x0000000100000000)
  eden space 131072K, 0% used [0x00000000e0000000,0x00000000e0000000,0x00000000e8000000)
  from space 5120K, 99% used [0x00000000e8500000,0x00000000e89fda70,0x00000000e8a00000)
  to   space 5120K, 0% used [0x00000000e8000000,0x00000000e8000000,0x00000000e8500000)
 ParOldGen       total 86016K, used 11127K [0x00000000a0000000, 0x00000000a5400000, 0x00000000e0000000)
  object space 86016K, 12% used [0x00000000a0000000,0x00000000a0addef8,0x00000000a5400000)
 Metaspace       used 20783K, capacity 21212K, committed 21296K, reserved 1067008K
  class space    used 2995K, capacity 3182K, committed 3200K, reserved 1048576K
Event: 6.775 GC heap after
Heap after GC invocations=5 (full 1):
 PSYoungGen      total 136192K, used 0K [0x00000000e0000000, 0x00000000e8a00000, 0x0000000100000000)
  eden space 131072K, 0% used [0x00000000e0000000,0x00000000e0000000,0x00000000e8000000)
  from space 5120K, 0% used [0x00000000e8500000,0x00000000e8500000,0x00000000e8a00000)
  to   space 5120K, 0% used [0x00000000e8000000,0x00000000e8000000,0x00000000e8500000)
 ParOldGen       total 66048K, used 11019K [0x00000000a0000000, 0x00000000a4080000, 0x00000000e0000000)
  object space 66048K, 16% used [0x00000000a0000000,0x00000000a0ac2ee0,0x00000000a4080000)
 Metaspace       used 20783K, capacity 21212K, committed 21296K, reserved 1067008K
  class space    used 2995K, capacity 3182K, committed 3200K, reserved 1048576K
}
Event: 9.800 GC heap before
{Heap before GC invocations=6 (full 1):
 PSYoungGen      total 136192K, used 131072K [0x00000000e0000000, 0x00000000e8a00000, 0x0000000100000000)
  eden space 131072K, 100% used [0x00000000e0000000,0x00000000e8000000,0x00000000e8000000)
  from space 5120K, 0% used [0x00000000e8500000,0x00000000e8500000,0x00000000e8a00000)
  to   space 5120K, 0% used [0x00000000e8000000,0x00000000e8000000,0x00000000e8500000)
 ParOldGen       total 66048K, used 11019K [0x00000000a0000000, 0x00000000a4080000, 0x00000000e0000000)
  object space 66048K, 16% used [0x00000000a0000000,0x00000000a0ac2ee0,0x00000000a4080000)
 Metaspace       used 32081K, capacity 32532K, committed 32640K, reserved 1077248K
  class space    used 4522K, capacity 4683K, committed 4736K, reserved 1048576K
Event: 9.842 GC heap after
Heap after GC invocations=6 (full 1):
 PSYoungGen      total 136192K, used 5120K [0x00000000e0000000, 0x00000000ee680000, 0x0000000100000000)
  eden space 131072K, 0% used [0x00000000e0000000,0x00000000e0000000,0x00000000e8000000)
  from space 5120K, 100% used [0x00000000e8000000,0x00000000e8500000,0x00000000e8500000)
  to   space 15872K, 0% used [0x00000000ed700000,0x00000000ed700000,0x00000000ee680000)
 ParOldGen       total 66048K, used 18645K [0x00000000a0000000, 0x00000000a4080000, 0x00000000e0000000)
  object space 66048K, 28% used [0x00000000a0000000,0x00000000a1235758,0x00000000a4080000)
 Metaspace       used 32081K, capacity 32532K, committed 32640K, reserved 1077248K
  class space    used 4522K, capacity 4683K, committed 4736K, reserved 1048576K
}
Event: 12.322 GC heap before
{Heap before GC invocations=7 (full 1):
 PSYoungGen      total 136192K, used 55285K [0x00000000e0000000, 0x00000000ee680000, 0x0000000100000000)
  eden space 131072K, 38% used [0x00000000e0000000,0x00000000e30fd7d0,0x00000000e8000000)
  from space 5120K, 100% used [0x00000000e8000000,0x00000000e8500000,0x00000000e8500000)
  to   space 15872K, 0% used [0x00000000ed700000,0x00000000ed700000,0x00000000ee680000)
 ParOldGen       total 66048K, used 18645K [0x00000000a0000000, 0x00000000a4080000, 0x00000000e0000000)
  object space 66048K, 28% used [0x00000000a0000000,0x00000000a1235758,0x00000000a4080000)
 Metaspace       used 34776K, capacity 35492K, committed 35496K, reserved 1079296K
  class space    used 4908K, capacity 5119K, committed 5120K, reserved 1048576K
Event: 12.362 GC heap after
Heap after GC invocations=7 (full 1):
 PSYoungGen      total 220160K, used 10432K [0x00000000e0000000, 0x00000000ee680000, 0x0000000100000000)
  eden space 204288K, 0% used [0x00000000e0000000,0x00000000e0000000,0x00000000ec780000)
  from space 15872K, 65% used [0x00000000ed700000,0x00000000ee130300,0x00000000ee680000)
  to   space 15872K, 0% used [0x00000000ec780000,0x00000000ec780000,0x00000000ed700000)
 ParOldGen       total 66048K, used 18653K [0x00000000a0000000, 0x00000000a4080000, 0x00000000e0000000)
  object space 66048K, 28% used [0x00000000a0000000,0x00000000a1237758,0x00000000a4080000)
 Metaspace       used 34776K, capacity 35492K, committed 35496K, reserved 1079296K
  class space    used 4908K, capacity 5119K, committed 5120K, reserved 1048576K
}
Event: 12.362 GC heap before
{Heap before GC invocations=8 (full 2):
 PSYoungGen      total 220160K, used 10432K [0x00000000e0000000, 0x00000000ee680000, 0x0000000100000000)
  eden space 204288K, 0% used [0x00000000e0000000,0x00000000e0000000,0x00000000ec780000)
  from space 15872K, 65% used [0x00000000ed700000,0x00000000ee130300,0x00000000ee680000)
  to   space 15872K, 0% used [0x00000000ec780000,0x00000000ec780000,0x00000000ed700000)
 ParOldGen       total 66048K, used 18653K [0x00000000a0000000, 0x00000000a4080000, 0x00000000e0000000)
  object space 66048K, 28% used [0x00000000a0000000,0x00000000a1237758,0x00000000a4080000)
 Metaspace       used 34776K, capacity 35492K, committed 35496K, reserved 1079296K
  class space    used 4908K, capacity 5119K, committed 5120K, reserved 1048576K
Event: 12.564 GC heap after
Heap after GC invocations=8 (full 2):
 PSYoungGen      total 220160K, used 0K [0x00000000e0000000, 0x00000000ee680000, 0x0000000100000000)
  eden space 204288K, 0% used [0x00000000e0000000,0x00000000e0000000,0x00000000ec780000)
  from space 15872K, 0% used [0x00000000ed700000,0x00000000ed700000,0x00000000ee680000)
  to   space 15872K, 0% used [0x00000000ec780000,0x00000000ec780000,0x00000000ed700000)
 ParOldGen       total 103424K, used 17398K [0x00000000a0000000, 0x00000000a6500000, 0x00000000e0000000)
  object space 103424K, 16% used [0x00000000a0000000,0x00000000a10fd8c8,0x00000000a6500000)
 Metaspace       used 34767K, capacity 35462K, committed 35496K, reserved 1079296K
  class space    used 4905K, capacity 5114K, committed 5120K, reserved 1048576K
}

Deoptimization events (10 events):
Event: 12.786 Thread 0x00000000199c9800 Uncommon trap: reason=unstable_if action=reinterpret pc=0x0000000002e34f8c method=java.security.CodeSource.hashCode()I @ 4
Event: 13.679 Thread 0x00000000199c9800 Uncommon trap: reason=unstable_if action=reinterpret pc=0x00000000031c8efc method=java.util.jar.Attributes$Name.isDigit(C)Z @ 3
Event: 13.701 Thread 0x00000000199c9800 Uncommon trap: reason=unstable_if action=reinterpret pc=0x000000000379a934 method=java.lang.ThreadLocal.get()Ljava/lang/Object; @ 11
Event: 13.725 Thread 0x00000000199c9800 Uncommon trap: reason=unstable_if action=reinterpret pc=0x000000000372eedc method=java.util.HashMap.putVal(ILjava/lang/Object;Ljava/lang/Object;ZZ)Ljava/lang/Object; @ 236
Event: 13.765 Thread 0x00000000199c9800 Uncommon trap: reason=unstable_if action=reinterpret pc=0x00000000031c25fc method=java.lang.CharacterDataLatin1.isWhitespace(I)Z @ 14
Event: 13.882 Thread 0x00000000199c9800 Uncommon trap: reason=unstable_if action=reinterpret pc=0x0000000002f999d0 method=java.util.jar.JarFile.getInputStream(Ljava/util/zip/ZipEntry;)Ljava/io/InputStream; @ 37
Event: 13.885 Thread 0x00000000199c9800 Uncommon trap: reason=unstable_if action=reinterpret pc=0x0000000002ea62e4 method=java.util.jar.JarFile$JarFileEntry.getCodeSigners()[Ljava/security/CodeSigner; @ 24
Event: 13.885 Thread 0x00000000199c9800 Uncommon trap: reason=unstable_if action=reinterpret pc=0x0000000002fbfc70 method=java.security.CodeSource.<init>(Ljava/net/URL;[Ljava/security/CodeSigner;)V @ 25
Event: 13.887 Thread 0x00000000199c9800 Uncommon trap: reason=unstable_if action=reinterpret pc=0x00000000032b6d2c method=java.security.CodeSource.getCertificates()[Ljava/security/cert/Certificate; @ 22
Event: 13.888 Thread 0x00000000199c9800 Uncommon trap: reason=unstable_if action=reinterpret pc=0x0000000002f7c0bc method=java.security.CodeSource.matchCerts(Ljava/security/CodeSource;Z)Z @ 11

Internal exceptions (10 events):
Event: 11.917 Thread 0x00000000199c9800 Exception <a 'java/lang/ClassNotFoundException': org/gradle/api/tasks/Delete_DecoratedCustomizer> (0x00000000e28c2230) thrown at [C:\re\workspace\8-2-build-windows-amd64-cygwin\jdk8u111\7883\hotspot\src\share\vm\classfile\systemDictionary.cpp, line 210]
Event: 11.986 Thread 0x00000000199c9800 Exception <a 'java/lang/ClassNotFoundException': build_aocd0uni7yje85c5bk6zat2jaBeanInfo> (0x00000000e29d7230) thrown at [C:\re\workspace\8-2-build-windows-amd64-cygwin\jdk8u111\7883\hotspot\src\share\vm\classfile\systemDictionary.cpp, line 210]
Event: 11.987 Thread 0x00000000199c9800 Exception <a 'java/lang/ClassNotFoundException': build_aocd0uni7yje85c5bk6zat2jaCustomizer> (0x00000000e29e2470) thrown at [C:\re\workspace\8-2-build-windows-amd64-cygwin\jdk8u111\7883\hotspot\src\share\vm\classfile\systemDictionary.cpp, line 210]
Event: 12.011 Thread 0x00000000199c9800 Exception <a 'java/lang/ClassNotFoundException': org/gradle/api/internal/plugins/DefaultObjectConfigurationActionBeanInfo> (0x00000000e2a52630) thrown at [C:\re\workspace\8-2-build-windows-amd64-cygwin\jdk8u111\7883\hotspot\src\share\vm\classfile\systemDi
Event: 12.014 Thread 0x00000000199c9800 Exception <a 'java/lang/ClassNotFoundException': org/gradle/api/internal/plugins/DefaultObjectConfigurationActionCustomizer> (0x00000000e2a90178) thrown at [C:\re\workspace\8-2-build-windows-amd64-cygwin\jdk8u111\7883\hotspot\src\share\vm\classfile\system
Event: 12.785 Thread 0x00000000199c9800 Implicit null exception at 0x000000000371a9e7 to 0x000000000371b9fd
Event: 12.786 Thread 0x00000000199c9800 Implicit null exception at 0x0000000002e34c95 to 0x0000000002e34f7d
Event: 12.963 Thread 0x00000000199c9800 Exception <a 'sun/nio/fs/WindowsException'> (0x00000000e0a69cb8) thrown at [C:\re\workspace\8-2-build-windows-amd64-cygwin\jdk8u111\7883\hotspot\src\share\vm\prims\jni.cpp, line 709]
Event: 13.381 Thread 0x00000000199c9800 Exception <a 'sun/nio/fs/WindowsException'> (0x00000000e18edf10) thrown at [C:\re\workspace\8-2-build-windows-amd64-cygwin\jdk8u111\7883\hotspot\src\share\vm\prims\jni.cpp, line 709]
Event: 13.701 Thread 0x00000000199c9800 Implicit null exception at 0x000000000379a428 to 0x000000000379a91d

Events (10 events):
Event: 13.887 Thread 0x00000000199c9800 Uncommon trap: trap_request=0xffffff65 fr.pc=0x00000000032b6d2c
Event: 13.887 Thread 0x00000000199c9800 DEOPT PACKING pc=0x00000000032b6d2c sp=0x000000001ad07fc0
Event: 13.887 Thread 0x00000000199c9800 DEOPT UNPACKING pc=0x0000000002d4582a sp=0x000000001ad07f50 mode 2
Event: 13.887 loading class org/bouncycastle/operator/OperatorException
Event: 13.887 loading class org/bouncycastle/operator/OperatorException done
Event: 13.888 Thread 0x00000000199c9800 Uncommon trap: trap_request=0xffffff65 fr.pc=0x0000000002f7c0bc
Event: 13.888 Thread 0x00000000199c9800 DEOPT PACKING pc=0x0000000002f7c0bc sp=0x000000001ad05e40
Event: 13.888 Thread 0x00000000199c9800 DEOPT UNPACKING pc=0x0000000002d4582a sp=0x000000001ad05d60 mode 2
Event: 13.889 loading class org/bouncycastle/jce/provider/BouncyCastleProvider
Event: 13.889 loading class org/bouncycastle/jce/provider/BouncyCastleProvider done


Dynamic libraries:
0x00007ff71f9e0000 - 0x00007ff71fa17000 	C:\Program Files\Java\jdk1.8.0_111\bin\java.exe
0x00007ff8209b0000 - 0x00007ff820b91000 	C:\WINDOWS\SYSTEM32\ntdll.dll
0x00007ff8200a0000 - 0x00007ff820151000 	C:\WINDOWS\System32\KERNEL32.DLL
0x00007ff81d7b0000 - 0x00007ff81da23000 	C:\WINDOWS\System32\KERNELBASE.dll
0x00007ff81f700000 - 0x00007ff81f7a1000 	C:\WINDOWS\System32\ADVAPI32.dll
0x00007ff8208e0000 - 0x00007ff82097e000 	C:\WINDOWS\System32\msvcrt.dll
0x00007ff81f8a0000 - 0x00007ff81f8fb000 	C:\WINDOWS\System32\sechost.dll
0x00007ff81e060000 - 0x00007ff81e184000 	C:\WINDOWS\System32\RPCRT4.dll
0x00007ff820160000 - 0x00007ff8202f0000 	C:\WINDOWS\System32\USER32.dll
0x00007ff81dae0000 - 0x00007ff81db00000 	C:\WINDOWS\System32\win32u.dll
0x00007ff81fe20000 - 0x00007ff81fe48000 	C:\WINDOWS\System32\GDI32.dll
0x00007ff81ce00000 - 0x00007ff81cf91000 	C:\WINDOWS\System32\gdi32full.dll
0x00007ff81dcf0000 - 0x00007ff81dd8f000 	C:\WINDOWS\System32\msvcp_win.dll
0x00007ff81cfa0000 - 0x00007ff81d098000 	C:\WINDOWS\System32\ucrtbase.dll
0x00007ff80b860000 - 0x00007ff80bac9000 	C:\WINDOWS\WinSxS\amd64_microsoft.windows.common-controls_6595b64144ccf1df_6.0.17134.885_none_fb42a3473065565f\COMCTL32.dll
0x00007ff81fa80000 - 0x00007ff81fda2000 	C:\WINDOWS\System32\combase.dll
0x00007ff81cd80000 - 0x00007ff81cdf9000 	C:\WINDOWS\System32\bcryptPrimitives.dll
0x00007ff81f640000 - 0x00007ff81f66d000 	C:\WINDOWS\System32\IMM32.DLL
0x000000005d150000 - 0x000000005d222000 	C:\Program Files\Java\jdk1.8.0_111\jre\bin\msvcr100.dll
0x000000005c8b0000 - 0x000000005d14a000 	C:\Program Files\Java\jdk1.8.0_111\jre\bin\server\jvm.dll
0x00007ff81fe10000 - 0x00007ff81fe18000 	C:\WINDOWS\System32\PSAPI.DLL
0x00007ff80b760000 - 0x00007ff80b769000 	C:\WINDOWS\SYSTEM32\WSOCK32.dll
0x00007ff81f830000 - 0x00007ff81f89c000 	C:\WINDOWS\System32\WS2_32.dll
0x00007ff81a4e0000 - 0x00007ff81a503000 	C:\WINDOWS\SYSTEM32\WINMM.dll
0x00007ff816170000 - 0x00007ff81617a000 	C:\WINDOWS\SYSTEM32\VERSION.dll
0x00007ff81a4b0000 - 0x00007ff81a4da000 	C:\WINDOWS\SYSTEM32\WINMMBASE.dll
0x00007ff81da30000 - 0x00007ff81da79000 	C:\WINDOWS\System32\cfgmgr32.dll
0x000000005dfc0000 - 0x000000005dfcf000 	C:\Program Files\Java\jdk1.8.0_111\jre\bin\verify.dll
0x000000005c880000 - 0x000000005c8a9000 	C:\Program Files\Java\jdk1.8.0_111\jre\bin\java.dll
0x000000005df00000 - 0x000000005df16000 	C:\Program Files\Java\jdk1.8.0_111\jre\bin\zip.dll
0x00007ff81e1f0000 - 0x00007ff81f630000 	C:\WINDOWS\System32\SHELL32.dll
0x00007ff81dfb0000 - 0x00007ff81e059000 	C:\WINDOWS\System32\shcore.dll
0x00007ff81d0a0000 - 0x00007ff81d7ad000 	C:\WINDOWS\System32\windows.storage.dll
0x00007ff81f680000 - 0x00007ff81f6d1000 	C:\WINDOWS\System32\shlwapi.dll
0x00007ff81cd30000 - 0x00007ff81cd41000 	C:\WINDOWS\System32\kernel.appcore.dll
0x00007ff81cd50000 - 0x00007ff81cd6f000 	C:\WINDOWS\System32\profapi.dll
0x00007ff81cce0000 - 0x00007ff81cd2c000 	C:\WINDOWS\System32\powrprof.dll
0x00007ff81cd70000 - 0x00007ff81cd7a000 	C:\WINDOWS\System32\FLTLIB.DLL
0x000000005c860000 - 0x000000005c87a000 	C:\Program Files\Java\jdk1.8.0_111\jre\bin\net.dll
0x00007ff81c540000 - 0x00007ff81c5a6000 	C:\WINDOWS\system32\mswsock.dll
0x000000005c840000 - 0x000000005c851000 	C:\Program Files\Java\jdk1.8.0_111\jre\bin\nio.dll
0x00007ff80c7d0000 - 0x00007ff80c7ee000 	C:\Users\domin\.gradle\native\25\windows-amd64\native-platform.dll
0x000000005dfb0000 - 0x000000005dfbd000 	C:\Program Files\Java\jdk1.8.0_111\jre\bin\management.dll
0x00007ff81c6f0000 - 0x00007ff81c707000 	C:\WINDOWS\SYSTEM32\CRYPTSP.dll
0x00007ff81c130000 - 0x00007ff81c163000 	C:\WINDOWS\system32\rsaenh.dll
0x00007ff81c820000 - 0x00007ff81c845000 	C:\WINDOWS\SYSTEM32\bcrypt.dll
0x00007ff81cbf0000 - 0x00007ff81cc18000 	C:\WINDOWS\SYSTEM32\USERENV.dll
0x00007ff81c710000 - 0x00007ff81c71b000 	C:\WINDOWS\SYSTEM32\CRYPTBASE.dll
0x00007ff81c2d0000 - 0x00007ff81c308000 	C:\WINDOWS\SYSTEM32\IPHLPAPI.DLL
0x00007ff81f630000 - 0x00007ff81f638000 	C:\WINDOWS\System32\NSI.dll
0x00007ff816070000 - 0x00007ff816086000 	C:\WINDOWS\SYSTEM32\dhcpcsvc6.DLL
0x00007ff816f60000 - 0x00007ff816f7a000 	C:\WINDOWS\SYSTEM32\dhcpcsvc.DLL

VM Arguments:
jvm_args: -Xmx1536m -Dfile.encoding=windows-1252 -Duser.country=US -Duser.language=en -Duser.variant 
java_command: org.gradle.launcher.daemon.bootstrap.GradleDaemon 5.1.1
java_class_path (initial): C:\Users\domin\.gradle\wrapper\dists\gradle-5.1.1-all\97z1ksx6lirer3kbvdnh7jtjg\gradle-5.1.1\lib\gradle-launcher-5.1.1.jar
Launcher Type: SUN_STANDARD

Environment Variables:
CLASSPATH=.;C:\Program Files (x86)\QuickTime\QTSystem\QTJava.zip
PATH=C:\Program Files (x86)\PHP\v5.6;C:\Program Files (x86)\Common Files\Oracle\Java\javapath;C:\ProgramData\Oracle\Java\javapath;C:\WINDOWS\system32;C:\WINDOWS;C:\WINDOWS\System32\Wbem;C:\WINDOWS\System32\WindowsPowerShell\v1.0\;C:\Program Files (x86)\QuickTime\QTSystem\;C:\Program Files (x86)\Windows Kits\8.1\Windows Performance Toolkit\;C:\Program Files\Microsoft SQL Server\110\Tools\Binn\;C:\Program Files\Microsoft SQL Server\120\DTS\Binn\;C:\Program Files\Microsoft SQL Server\Client SDK\ODBC\110\Tools\Binn\;C:\Program Files (x86)\Microsoft SQL Server\120\Tools\Binn\;C:\Program Files\Microsoft SQL Server\120\Tools\Binn\;C:\Program Files (x86)\Microsoft SQL Server\120\Tools\Binn\ManagementStudio\;C:\Program Files (x86)\Microsoft SQL Server\120\DTS\Binn\;C:\android-sdk-windows\;C:\Program Files (x86)\Calibre2\;C:\Program Files (x86)\Windows Live\Shared;C:\Program Files (x86)\GtkSharp\2.12\bin;C:\Program Files\Git\cmd;C:\WINDOWS\System32\OpenSSH\;C:\Program Files\Microsoft\Web Platform Installer\;C:\Program Files;C:\Program Files\nodejs\;C:\Users\domin\AppData\Local\Microsoft\WindowsApps;C:\Users\domin\AppData\Roaming\Dashlane\4.6.6.23032\bin\Firefox_Extension\{442718d9-475e-452a-b3e1-fb1ee16b8e9f}\components;C:\Users\domin\AppData\Local\GitHubDesktop\bin;C:\Users\domin\AppData\Local\Microsoft\WindowsApps;C:\Users\domin\AppData\Roaming\npm;C:\Users\domin\AppData\Local\Programs\Microsoft VS Code\bin
USERNAME=domin
OS=Windows_NT
PROCESSOR_IDENTIFIER=Intel64 Family 6 Model 37 Stepping 5, GenuineIntel



---------------  S Y S T E M  ---------------

OS: Windows 10.0 , 64 bit Build 17134 (10.0.17134.753)

CPU:total 4 (2 cores per cpu, 2 threads per core) family 6 model 37 stepping 5, cmov, cx8, fxsr, mmx, sse, sse2, sse3, ssse3, sse4.1, sse4.2, popcnt, ht, tsc, tscinvbit

Memory: 4k page, physical 8181612k(1824744k free), swap 10121068k(5340k free)

vm_info: Java HotSpot(TM) 64-Bit Server VM (25.111-b14) for windows-amd64 JRE (1.8.0_111-b14), built on Sep 22 2016 19:24:05 by "java_re" with MS VC++ 10.0 (VS2010)

time: Thu Jul 25 01:43:18 2019
elapsed time: 13 seconds (0d 0h 0m 13s)

