#
# There is insufficient memory for the Java Runtime Environment to continue.
# Native memory allocation (malloc) failed to allocate 1055696 bytes for Chunk::new
# Possible reasons:
#   The system is out of physical RAM or swap space
#   In 32 bit mode, the process size limit was hit
# Possible solutions:
#   Reduce memory load on the system
#   Increase physical memory or swap space
#   Check if swap backing store is full
#   Use 64 bit Java on a 64 bit OS
#   Decrease Java heap size (-Xmx/-Xms)
#   Decrease number of Java threads
#   Decrease Java thread stack sizes (-Xss)
#   Set larger code cache with -XX:ReservedCodeCacheSize=
# This output file may be truncated or incomplete.
#
#  Out of Memory Error (allocation.cpp:390), pid=1420, tid=0x0000000000003290
#
# JRE version: Java(TM) SE Runtime Environment (8.0_111-b14) (build 1.8.0_111-b14)
# Java VM: Java HotSpot(TM) 64-Bit Server VM (25.111-b14 mixed mode windows-amd64 compressed oops)
# Failed to write core dump. Minidumps are not enabled by default on client versions of Windows
#

---------------  T H R E A D  ---------------

Current thread (0x00000000165ee800):  JavaThread "C2 CompilerThread0" daemon [_thread_in_native, id=12944, stack(0x0000000017c40000,0x0000000017d40000)]

Stack: [0x0000000017c40000,0x0000000017d40000]
[error occurred during error reporting (printing stack bounds), id 0xc0000005]

Native frames: (J=compiled Java code, j=interpreted, Vv=VM code, C=native code)


Current CompileTask:
C2:15352357 26891       4       com.android.tools.r8.graph.ProgramClassVisitor::accept (54 bytes)


---------------  P R O C E S S  ---------------

Java Threads: ( => current thread )
  0x0000000024ed4800 JavaThread "ForkJoinPool-1-worker-3" daemon [_thread_in_Java, id=5800, stack(0x0000000031700000,0x0000000031800000)]
  0x0000000024ed4000 JavaThread "ForkJoinPool-1-worker-0" daemon [_thread_blocked, id=9044, stack(0x0000000031600000,0x0000000031700000)]
  0x0000000024ed3000 JavaThread "ForkJoinPool-1-worker-2" daemon [_thread_blocked, id=14292, stack(0x0000000031500000,0x0000000031600000)]
  0x0000000024ed5800 JavaThread "ForkJoinPool-1-worker-1" daemon [_thread_blocked, id=16256, stack(0x0000000031400000,0x0000000031500000)]
  0x000000001b59a000 JavaThread "Cache worker for Java compile cache (C:\Users\domin\Documents\GitHub\BadelCollection\.gradle\5.1.1\javaCompile)" [_thread_blocked, id=13048, stack(0x0000000030d00000,0x0000000030e00000)]
  0x000000001b590800 JavaThread "Cache worker for Java compile cache (C:\Users\domin\.gradle\caches\5.1.1\javaCompile)" [_thread_blocked, id=2992, stack(0x0000000030c00000,0x0000000030d00000)]
  0x000000001960e000 JavaThread "stdout" daemon [_thread_in_native, id=4872, stack(0x0000000030b00000,0x0000000030c00000)]
  0x000000001960b000 JavaThread "stderr" daemon [_thread_in_native, id=16872, stack(0x0000000030a00000,0x0000000030b00000)]
  0x000000001960e800 JavaThread "stdout" daemon [_thread_in_native, id=13736, stack(0x0000000030900000,0x0000000030a00000)]
  0x000000001b59f800 JavaThread "stderr" daemon [_thread_in_native, id=16648, stack(0x0000000030800000,0x0000000030900000)]
  0x000000001b598000 JavaThread "stdout" daemon [_thread_in_native, id=9528, stack(0x0000000030700000,0x0000000030800000)]
  0x000000001b597000 JavaThread "stderr" daemon [_thread_in_native, id=12840, stack(0x0000000030600000,0x0000000030700000)]
  0x000000001b59e000 JavaThread "pool-18-thread-1" [_thread_blocked, id=2884, stack(0x0000000030500000,0x0000000030600000)]
  0x000000001b59b000 JavaThread "Java2D Disposer" daemon [_thread_blocked, id=11220, stack(0x0000000030300000,0x0000000030400000)]
  0x000000001b596800 JavaThread "Cache worker for execution history cache (C:\Users\domin\Documents\GitHub\BadelCollection\.gradle\5.1.1\executionHistory)" [_thread_blocked, id=13412, stack(0x000000002fe00000,0x000000002ff00000)]
  0x000000001b595800 JavaThread "Execution worker for ':' Thread 3" [_thread_blocked, id=14196, stack(0x000000002fd00000,0x000000002fe00000)]
  0x000000001b592000 JavaThread "Execution worker for ':' Thread 2" [_thread_blocked, id=8056, stack(0x000000002fc00000,0x000000002fd00000)]
  0x000000001b594000 JavaThread "Execution worker for ':'" [_thread_blocked, id=7308, stack(0x000000002fb00000,0x000000002fc00000)]
  0x000000001b592800 JavaThread "Cache worker for file content cache (C:\Users\domin\Documents\GitHub\BadelCollection\.gradle\5.1.1\fileContent)" [_thread_blocked, id=9600, stack(0x000000002fa00000,0x000000002fb00000)]
  0x000000001ebbd000 JavaThread "Cache worker for Build Output Cleanup Cache (C:\Users\domin\Documents\GitHub\BadelCollection\.gradle\buildOutputCleanup)" [_thread_blocked, id=13760, stack(0x000000002f900000,0x000000002fa00000)]
  0x000000001ebbc000 JavaThread "pool-17-thread-1" [_thread_blocked, id=3540, stack(0x000000002f800000,0x000000002f900000)]
  0x000000001ebbe800 JavaThread "Build operations Thread 4" [_thread_blocked, id=2468, stack(0x000000002f700000,0x000000002f800000)]
  0x000000001ebc1800 JavaThread "Build operations Thread 3" [_thread_blocked, id=9436, stack(0x000000002f600000,0x000000002f700000)]
  0x000000001ebbb800 JavaThread "Build operations Thread 2" [_thread_blocked, id=5012, stack(0x000000002f500000,0x000000002f600000)]
  0x000000001ebba800 JavaThread "Build operations" [_thread_blocked, id=9532, stack(0x000000002f400000,0x000000002f500000)]
  0x000000001ebc0800 JavaThread "Cache worker for cache directory md-rule (C:\Users\domin\.gradle\caches\5.1.1\md-rule)" [_thread_blocked, id=1468, stack(0x000000002f300000,0x000000002f400000)]
  0x000000001ebbd800 JavaThread "Cache worker for cache directory md-supplier (C:\Users\domin\.gradle\caches\5.1.1\md-supplier)" [_thread_blocked, id=1136, stack(0x000000002f200000,0x000000002f300000)]
  0x000000001ebc0000 JavaThread "Cache worker for file hash cache (C:\Users\domin\Documents\GitHub\BadelCollection\.gradle\5.1.1\fileHashes)" [_thread_blocked, id=15824, stack(0x000000002f100000,0x000000002f200000)]
  0x000000001ebb3000 JavaThread "Thread-171" [_thread_blocked, id=2552, stack(0x000000002f000000,0x000000002f100000)]
  0x000000001ebb6000 JavaThread "Asynchronous log dispatcher for DefaultDaemonConnection: socket connection from /127.0.0.1:47469 to /127.0.0.1:61117" [_thread_blocked, id=896, stack(0x000000002ee00000,0x000000002ef00000)]
  0x000000001ebb2800 JavaThread "Daemon worker Thread 6" [_thread_blocked, id=6240, stack(0x000000002ed00000,0x000000002ee00000)]
  0x000000001ebb9000 JavaThread "Cancel handler" [_thread_blocked, id=7416, stack(0x000000002ec00000,0x000000002ed00000)]
  0x000000001ebb8800 JavaThread "Handler for socket connection from /127.0.0.1:47469 to /127.0.0.1:61117" [_thread_in_native, id=14760, stack(0x000000002eb00000,0x000000002ec00000)]
  0x000000001ebb7800 JavaThread "Daemon Thread 6" [_thread_blocked, id=9380, stack(0x000000002ea00000,0x000000002eb00000)]
  0x000000001ebb4800 JavaThread "Cache worker for file content cache (C:\Users\domin\.gradle\caches\5.1.1\fileContent)" [_thread_blocked, id=8084, stack(0x0000000029600000,0x0000000029700000)]
  0x000000001b593800 JavaThread "Memory manager" [_thread_blocked, id=16388, stack(0x0000000022600000,0x0000000022700000)]
  0x000000001960c800 JavaThread "Cache worker for execution history cache (C:\Users\domin\.gradle\caches\5.1.1\executionHistory)" [_thread_blocked, id=13824, stack(0x00000000203f0000,0x00000000204f0000)]
  0x0000000019608800 JavaThread "Cache worker for journal cache (C:\Users\domin\.gradle\caches\journal-1)" [_thread_blocked, id=5128, stack(0x000000001b290000,0x000000001b390000)]
  0x0000000019608000 JavaThread "File lock request listener" [_thread_in_native, id=14724, stack(0x000000001b190000,0x000000001b290000)]
  0x0000000019609800 JavaThread "Cache worker for file hash cache (C:\Users\domin\.gradle\caches\5.1.1\fileHashes)" [_thread_blocked, id=14840, stack(0x000000001b090000,0x000000001b190000)]
  0x00000000193e9000 JavaThread "Daemon periodic checks" [_thread_blocked, id=16244, stack(0x000000001a690000,0x000000001a790000)]
  0x0000000018a62800 JavaThread "Incoming local TCP Connector on port 47469" [_thread_in_native, id=14124, stack(0x000000001a450000,0x000000001a550000)]
  0x00000000191ba000 JavaThread "Daemon health stats" [_thread_blocked, id=12832, stack(0x0000000019d10000,0x0000000019e10000)]
  0x0000000017f60800 JavaThread "Service Thread" daemon [_thread_blocked, id=16788, stack(0x0000000018340000,0x0000000018440000)]
  0x00000000165f9800 JavaThread "C1 CompilerThread2" daemon [_thread_blocked, id=10388, stack(0x0000000017e40000,0x0000000017f40000)]
  0x00000000165f0800 JavaThread "C2 CompilerThread1" daemon [_thread_in_native, id=15552, stack(0x0000000017d40000,0x0000000017e40000)]
=>0x00000000165ee800 JavaThread "C2 CompilerThread0" daemon [_thread_in_native, id=12944, stack(0x0000000017c40000,0x0000000017d40000)]
  0x00000000165ec800 JavaThread "Attach Listener" daemon [_thread_blocked, id=9864, stack(0x0000000017b40000,0x0000000017c40000)]
  0x00000000165eb000 JavaThread "Signal Dispatcher" daemon [_thread_blocked, id=15996, stack(0x0000000017a40000,0x0000000017b40000)]
  0x00000000165da800 JavaThread "Finalizer" daemon [_thread_blocked, id=12872, stack(0x0000000017850000,0x0000000017950000)]
  0x00000000165b8800 JavaThread "Reference Handler" daemon [_thread_blocked, id=12528, stack(0x0000000017750000,0x0000000017850000)]
  0x0000000002a2e800 JavaThread "main" [_thread_blocked, id=5628, stack(0x0000000002a80000,0x0000000002b80000)]

Other Threads:
  0x00000000165b7000 VMThread [stack: 0x0000000017650000,0x0000000017750000] [id=3184]
  0x0000000017f6f800 WatcherThread [stack: 0x0000000018440000,0x0000000018540000] [id=15780]

VM state:not at safepoint (normal execution)

VM Mutex/Monitor currently owned by a thread: None

Heap:
 PSYoungGen      total 274944K, used 207901K [0x00000000e0000000, 0x00000000f8780000, 0x0000000100000000)
  eden space 168448K, 60% used [0x00000000e0000000,0x00000000e6308a00,0x00000000ea480000)
  from space 106496K, 99% used [0x00000000f1f80000,0x00000000f877ebd8,0x00000000f8780000)
  to   space 116224K, 0% used [0x00000000ea480000,0x00000000ea480000,0x00000000f1600000)
 ParOldGen       total 184832K, used 92740K [0x00000000a0000000, 0x00000000ab480000, 0x00000000e0000000)
  object space 184832K, 50% used [0x00000000a0000000,0x00000000a5a91398,0x00000000ab480000)
 Metaspace       used 106197K, capacity 111356K, committed 111616K, reserved 1146880K
  class space    used 13443K, capacity 14435K, committed 14592K, reserved 1048576K

Card table byte_map: [0x0000000012040000,0x0000000012350000] byte_map_base: 0x0000000011b40000

Marking Bits: (ParMarkBitMap*) 0x000000005bd9a6c0
 Begin Bits: [0x0000000012950000, 0x0000000014150000)
 End Bits:   [0x0000000014150000, 0x0000000015950000)

Polling page: 0x0000000000f80000

CodeCache: size=245760Kb used=73039Kb max_used=73079Kb free=172720Kb
 bounds [0x0000000002c80000, 0x0000000007460000, 0x0000000011c80000]
 total_blobs=21975 nmethods=20969 adapters=915
 compilation: enabled

Compilation events (10 events):
Event: 15346.781 Thread 0x00000000165f9800 nmethod 27061 0x000000000704db90 code [0x000000000704dd00, 0x000000000704df88]
Event: 15346.781 Thread 0x00000000165f9800 27062       3       com.android.tools.r8.graph.DexValue$DexValueNull::writeTo (8 bytes)
Event: 15346.781 Thread 0x00000000165f0800 27055       4       com.android.tools.r8.utils.EncodedValueUtils::putUnsigned (81 bytes)
Event: 15346.781 Thread 0x00000000165f9800 nmethod 27062 0x000000000704d410 code [0x000000000704d5a0, 0x000000000704d938]
Event: 15346.791 Thread 0x00000000165f0800 nmethod 27055 0x00000000070496d0 code [0x0000000007049840, 0x0000000007049ce8]
Event: 15346.791 Thread 0x00000000165f0800 27024       4       com.android.tools.r8.dex.FileWriter::writeCodeItem (502 bytes)
Event: 15346.880 Thread 0x00000000165f9800 27077       2       com.android.tools.r8.graph.DexValue$DexValueByte::hashCode (7 bytes)
Event: 15346.880 Thread 0x00000000165f9800 nmethod 27077 0x000000000704d0d0 code [0x000000000704d220, 0x000000000704d370]
Event: 15346.942 Thread 0x00000000165f9800 27078       2       org.gradle.launcher.daemon.server.health.DaemonMemoryStatus::exceedsThreshold (92 bytes)
Event: 15346.946 Thread 0x00000000165f9800 nmethod 27078 0x000000000704b2d0 code [0x000000000704b5a0, 0x000000000704c208]

GC Heap History (10 events):
Event: 15307.585 GC heap before
{Heap before GC invocations=72 (full 8):
 PSYoungGen      total 271872K, used 158558K [0x00000000e0000000, 0x00000000f9900000, 0x0000000100000000)
  eden space 150528K, 100% used [0x00000000e0000000,0x00000000e9300000,0x00000000e9300000)
  from space 121344K, 6% used [0x00000000e9300000,0x00000000e9ad78a0,0x00000000f0980000)
  to   space 128000K, 0% used [0x00000000f1c00000,0x00000000f1c00000,0x00000000f9900000)
 ParOldGen       total 184832K, used 63883K [0x00000000a0000000, 0x00000000ab480000, 0x00000000e0000000)
  object space 184832K, 34% used [0x00000000a0000000,0x00000000a3e62f38,0x00000000ab480000)
 Metaspace       used 105253K, capacity 110280K, committed 110464K, reserved 1144832K
  class space    used 13364K, capacity 14327K, committed 14464K, reserved 1048576K
Event: 15307.601 GC heap after
Heap after GC invocations=72 (full 8):
 PSYoungGen      total 283648K, used 7709K [0x00000000e0000000, 0x00000000f9400000, 0x0000000100000000)
  eden space 160768K, 0% used [0x00000000e0000000,0x00000000e0000000,0x00000000e9d00000)
  from space 122880K, 6% used [0x00000000f1c00000,0x00000000f2387690,0x00000000f9400000)
  to   space 126464K, 0% used [0x00000000e9d00000,0x00000000e9d00000,0x00000000f1880000)
 ParOldGen       total 184832K, used 63883K [0x00000000a0000000, 0x00000000ab480000, 0x00000000e0000000)
  object space 184832K, 34% used [0x00000000a0000000,0x00000000a3e62f38,0x00000000ab480000)
 Metaspace       used 105253K, capacity 110280K, committed 110464K, reserved 1144832K
  class space    used 13364K, capacity 14327K, committed 14464K, reserved 1048576K
}
Event: 15309.874 GC heap before
{Heap before GC invocations=73 (full 8):
 PSYoungGen      total 283648K, used 168477K [0x00000000e0000000, 0x00000000f9400000, 0x0000000100000000)
  eden space 160768K, 100% used [0x00000000e0000000,0x00000000e9d00000,0x00000000e9d00000)
  from space 122880K, 6% used [0x00000000f1c00000,0x00000000f2387690,0x00000000f9400000)
  to   space 126464K, 0% used [0x00000000e9d00000,0x00000000e9d00000,0x00000000f1880000)
 ParOldGen       total 184832K, used 63883K [0x00000000a0000000, 0x00000000ab480000, 0x00000000e0000000)
  object space 184832K, 34% used [0x00000000a0000000,0x00000000a3e62f38,0x00000000ab480000)
 Metaspace       used 105320K, capacity 110296K, committed 110464K, reserved 1144832K
  class space    used 13370K, capacity 14329K, committed 14464K, reserved 1048576K
Event: 15309.904 GC heap after
Heap after GC invocations=73 (full 8):
 PSYoungGen      total 287232K, used 6894K [0x00000000e0000000, 0x00000000f9900000, 0x0000000100000000)
  eden space 160768K, 0% used [0x00000000e0000000,0x00000000e0000000,0x00000000e9d00000)
  from space 126464K, 5% used [0x00000000e9d00000,0x00000000ea3bb9a0,0x00000000f1880000)
  to   space 124416K, 0% used [0x00000000f1f80000,0x00000000f1f80000,0x00000000f9900000)
 ParOldGen       total 184832K, used 63883K [0x00000000a0000000, 0x00000000ab480000, 0x00000000e0000000)
  object space 184832K, 34% used [0x00000000a0000000,0x00000000a3e62f38,0x00000000ab480000)
 Metaspace       used 105320K, capacity 110296K, committed 110464K, reserved 1144832K
  class space    used 13370K, capacity 14329K, committed 14464K, reserved 1048576K
}
Event: 15341.208 GC heap before
{Heap before GC invocations=74 (full 8):
 PSYoungGen      total 287232K, used 167662K [0x00000000e0000000, 0x00000000f9900000, 0x0000000100000000)
  eden space 160768K, 100% used [0x00000000e0000000,0x00000000e9d00000,0x00000000e9d00000)
  from space 126464K, 5% used [0x00000000e9d00000,0x00000000ea3bb9a0,0x00000000f1880000)
  to   space 124416K, 0% used [0x00000000f1f80000,0x00000000f1f80000,0x00000000f9900000)
 ParOldGen       total 184832K, used 63883K [0x00000000a0000000, 0x00000000ab480000, 0x00000000e0000000)
  object space 184832K, 34% used [0x00000000a0000000,0x00000000a3e62f38,0x00000000ab480000)
 Metaspace       used 105711K, capacity 110768K, committed 111104K, reserved 1146880K
  class space    used 13399K, capacity 14369K, committed 14592K, reserved 1048576K
Event: 15341.232 GC heap after
Heap after GC invocations=74 (full 8):
 PSYoungGen      total 274944K, used 36673K [0x00000000e0000000, 0x00000000f8780000, 0x0000000100000000)
  eden space 168448K, 0% used [0x00000000e0000000,0x00000000e0000000,0x00000000ea480000)
  from space 106496K, 34% used [0x00000000f1f80000,0x00000000f4350768,0x00000000f8780000)
  to   space 116224K, 0% used [0x00000000ea480000,0x00000000ea480000,0x00000000f1600000)
 ParOldGen       total 184832K, used 63891K [0x00000000a0000000, 0x00000000ab480000, 0x00000000e0000000)
  object space 184832K, 34% used [0x00000000a0000000,0x00000000a3e64f38,0x00000000ab480000)
 Metaspace       used 105711K, capacity 110768K, committed 111104K, reserved 1146880K
  class space    used 13399K, capacity 14369K, committed 14592K, reserved 1048576K
}
Event: 15342.880 GC heap before
{Heap before GC invocations=75 (full 8):
 PSYoungGen      total 274944K, used 205121K [0x00000000e0000000, 0x00000000f8780000, 0x0000000100000000)
  eden space 168448K, 100% used [0x00000000e0000000,0x00000000ea480000,0x00000000ea480000)
  from space 106496K, 34% used [0x00000000f1f80000,0x00000000f4350768,0x00000000f8780000)
  to   space 116224K, 0% used [0x00000000ea480000,0x00000000ea480000,0x00000000f1600000)
 ParOldGen       total 184832K, used 63891K [0x00000000a0000000, 0x00000000ab480000, 0x00000000e0000000)
  object space 184832K, 34% used [0x00000000a0000000,0x00000000a3e64f38,0x00000000ab480000)
 Metaspace       used 106110K, capacity 111292K, committed 111616K, reserved 1146880K
  class space    used 13440K, capacity 14435K, committed 14592K, reserved 1048576K
Event: 15343.251 GC heap after
Heap after GC invocations=75 (full 8):
 PSYoungGen      total 284672K, used 105254K [0x00000000e0000000, 0x00000000f8780000, 0x0000000100000000)
  eden space 168448K, 0% used [0x00000000e0000000,0x00000000e0000000,0x00000000ea480000)
  from space 116224K, 90% used [0x00000000ea480000,0x00000000f0b49990,0x00000000f1600000)
  to   space 106496K, 0% used [0x00000000f1f80000,0x00000000f1f80000,0x00000000f8780000)
 ParOldGen       total 184832K, used 63899K [0x00000000a0000000, 0x00000000ab480000, 0x00000000e0000000)
  object space 184832K, 34% used [0x00000000a0000000,0x00000000a3e66f38,0x00000000ab480000)
 Metaspace       used 106110K, capacity 111292K, committed 111616K, reserved 1146880K
  class space    used 13440K, capacity 14435K, committed 14592K, reserved 1048576K
}
Event: 15346.511 GC heap before
{Heap before GC invocations=76 (full 8):
 PSYoungGen      total 284672K, used 273702K [0x00000000e0000000, 0x00000000f8780000, 0x0000000100000000)
  eden space 168448K, 100% used [0x00000000e0000000,0x00000000ea480000,0x00000000ea480000)
  from space 116224K, 90% used [0x00000000ea480000,0x00000000f0b49990,0x00000000f1600000)
  to   space 106496K, 0% used [0x00000000f1f80000,0x00000000f1f80000,0x00000000f8780000)
 ParOldGen       total 184832K, used 63899K [0x00000000a0000000, 0x00000000ab480000, 0x00000000e0000000)
  object space 184832K, 34% used [0x00000000a0000000,0x00000000a3e66f38,0x00000000ab480000)
 Metaspace       used 106196K, capacity 111356K, committed 111616K, reserved 1146880K
  class space    used 13443K, capacity 14435K, committed 14592K, reserved 1048576K
Event: 15346.765 GC heap after
Heap after GC invocations=76 (full 8):
 PSYoungGen      total 274944K, used 106490K [0x00000000e0000000, 0x00000000f8780000, 0x0000000100000000)
  eden space 168448K, 0% used [0x00000000e0000000,0x00000000e0000000,0x00000000ea480000)
  from space 106496K, 99% used [0x00000000f1f80000,0x00000000f877ebd8,0x00000000f8780000)
  to   space 116224K, 0% used [0x00000000ea480000,0x00000000ea480000,0x00000000f1600000)
 ParOldGen       total 184832K, used 92740K [0x00000000a0000000, 0x00000000ab480000, 0x00000000e0000000)
  object space 184832K, 50% used [0x00000000a0000000,0x00000000a5a91398,0x00000000ab480000)
 Metaspace       used 106196K, capacity 111356K, committed 111616K, reserved 1146880K
  class space    used 13443K, capacity 14435K, committed 14592K, reserved 1048576K
}

Deoptimization events (10 events):
Event: 15345.811 Thread 0x0000000024ed4000 Uncommon trap: reason=array_check action=maybe_recompile pc=0x0000000006ce2280 method=java.util.TimSort.mergeLo(IIII)V @ 81
Event: 15345.812 Thread 0x0000000024ed4000 Uncommon trap: reason=array_check action=maybe_recompile pc=0x0000000006ce4474 method=java.util.TimSort.mergeHi(IIII)V @ 101
Event: 15345.812 Thread 0x0000000024ed4000 Uncommon trap: reason=array_check action=maybe_recompile pc=0x0000000006ce2280 method=java.util.TimSort.mergeLo(IIII)V @ 81
Event: 15345.913 Thread 0x0000000024ed3000 Uncommon trap: reason=unstable_if action=reinterpret pc=0x00000000070abd94 method=com.android.tools.r8.graph.DexValue$NestedDexValue.equals(Ljava/lang/Object;)Z @ 11
Event: 15346.149 Thread 0x0000000024ed4800 Uncommon trap: reason=unstable_if action=reinterpret pc=0x0000000006b5403c method=com.android.tools.r8.graph.DexAnnotationElement.equals(Ljava/lang/Object;)Z @ 30
Event: 15346.151 Thread 0x0000000024ed3000 Uncommon trap: reason=array_check action=maybe_recompile pc=0x0000000006ce638c method=java.util.TimSort.mergeLo(IIII)V @ 212
Event: 15346.153 Thread 0x0000000024ed3000 Uncommon trap: reason=array_check action=maybe_recompile pc=0x0000000006eed2b0 method=java.util.TimSort.mergeHi(IIII)V @ 250
Event: 15346.163 Thread 0x0000000024ed3000 Uncommon trap: reason=array_check action=maybe_recompile pc=0x0000000006ce638c method=java.util.TimSort.mergeLo(IIII)V @ 212
Event: 15346.186 Thread 0x0000000024ed3000 Uncommon trap: reason=array_check action=maybe_recompile pc=0x0000000006eed2b0 method=java.util.TimSort.mergeHi(IIII)V @ 250
Event: 15346.316 Thread 0x0000000024ed4800 Uncommon trap: reason=unstable_if action=reinterpret pc=0x0000000006ecfb3c method=com.android.tools.r8.graph.DexValue$NestedDexValue.equals(Ljava/lang/Object;)Z @ 2

Internal exceptions (10 events):
Event: 15313.302 Thread 0x000000001b595800 Exception <a 'sun/nio/fs/WindowsException'> (0x00000000e5d95488) thrown at [C:\re\workspace\8-2-build-windows-amd64-cygwin\jdk8u111\7883\hotspot\src\share\vm\prims\jni.cpp, line 709]
Event: 15313.309 Thread 0x000000001b595800 Exception <a 'sun/nio/fs/WindowsException'> (0x00000000e5e19b18) thrown at [C:\re\workspace\8-2-build-windows-amd64-cygwin\jdk8u111\7883\hotspot\src\share\vm\prims\jni.cpp, line 709]
Event: 15341.034 Thread 0x0000000024ed5800 Exception <a 'sun/nio/fs/WindowsException'> (0x00000000e787f7c8) thrown at [C:\re\workspace\8-2-build-windows-amd64-cygwin\jdk8u111\7883\hotspot\src\share\vm\prims\jni.cpp, line 709]
Event: 15341.618 Thread 0x0000000024ed4800 Implicit null exception at 0x000000000376bc2f to 0x000000000376bd21
Event: 15341.618 Thread 0x0000000024ed3000 Implicit null exception at 0x000000000376bc2f to 0x000000000376bd21
Event: 15341.618 Thread 0x0000000024ed4000 Implicit null exception at 0x000000000376bc2f to 0x000000000376bd21
Event: 15344.950 Thread 0x0000000024ed5800 Implicit null exception at 0x0000000006a817f4 to 0x0000000006a82079
Event: 15345.844 Thread 0x0000000024ed4000 Exception <a 'sun/nio/fs/WindowsException'> (0x00000000e55da3e0) thrown at [C:\re\workspace\8-2-build-windows-amd64-cygwin\jdk8u111\7883\hotspot\src\share\vm\prims\jni.cpp, line 709]
Event: 15346.937 Thread 0x0000000024ed3000 Exception <a 'sun/nio/fs/WindowsException'> (0x00000000e3205658) thrown at [C:\re\workspace\8-2-build-windows-amd64-cygwin\jdk8u111\7883\hotspot\src\share\vm\prims\jni.cpp, line 709]
Event: 15346.940 Thread 0x0000000024ed3000 Exception <a 'java/lang/OutOfMemoryError'> (0x00000000e3206020) thrown at [C:\re\workspace\8-2-build-windows-amd64-cygwin\jdk8u111\7883\hotspot\src\share\vm\prims\unsafe.cpp, line 634]

Events (10 events):
Event: 15346.316 Thread 0x0000000024ed4800 DEOPT PACKING pc=0x0000000006ecfb3c sp=0x00000000317feb60
Event: 15346.316 Thread 0x0000000024ed4800 DEOPT UNPACKING pc=0x0000000002cc582a sp=0x00000000317fea98 mode 2
Event: 15346.506 Thread 0x0000000024ed3000 DEOPT PACKING pc=0x000000000733b33c sp=0x00000000315fe9d0
Event: 15346.506 Thread 0x0000000024ed3000 DEOPT UNPACKING pc=0x0000000002cc747f sp=0x00000000315fe768 mode 0
Event: 15346.510 Executing VM operation: ParallelGCFailedAllocation
Event: 15346.766 Executing VM operation: ParallelGCFailedAllocation done
Event: 15346.935 Executing VM operation: RevokeBias
Event: 15346.936 Executing VM operation: RevokeBias done
Event: 15346.936 Executing VM operation: RevokeBias
Event: 15346.937 Executing VM operation: RevokeBias done


Dynamic libraries:
0x00007ff651220000 - 0x00007ff651257000 	C:\Program Files\Java\jdk1.8.0_111\bin\java.exe
0x00007ff9d9af0000 - 0x00007ff9d9cd1000 	C:\WINDOWS\SYSTEM32\ntdll.dll
0x00007ff9d7530000 - 0x00007ff9d75e1000 	C:\WINDOWS\System32\KERNEL32.DLL
0x00007ff9d6220000 - 0x00007ff9d6493000 	C:\WINDOWS\System32\KERNELBASE.dll
0x00007ff9d7170000 - 0x00007ff9d7211000 	C:\WINDOWS\System32\ADVAPI32.dll
0x00007ff9d8fc0000 - 0x00007ff9d905e000 	C:\WINDOWS\System32\msvcrt.dll
0x00007ff9d8f50000 - 0x00007ff9d8fab000 	C:\WINDOWS\System32\sechost.dll
0x00007ff9d7040000 - 0x00007ff9d7164000 	C:\WINDOWS\System32\RPCRT4.dll
0x00007ff9d7220000 - 0x00007ff9d73b0000 	C:\WINDOWS\System32\USER32.dll
0x00007ff9d5ec0000 - 0x00007ff9d5ee0000 	C:\WINDOWS\System32\win32u.dll
0x00007ff9d9640000 - 0x00007ff9d9668000 	C:\WINDOWS\System32\GDI32.dll
0x00007ff9d66d0000 - 0x00007ff9d6862000 	C:\WINDOWS\System32\gdi32full.dll
0x00007ff9d6180000 - 0x00007ff9d621f000 	C:\WINDOWS\System32\msvcp_win.dll
0x00007ff9d6550000 - 0x00007ff9d6648000 	C:\WINDOWS\System32\ucrtbase.dll
0x00007ff9c3fa0000 - 0x00007ff9c4209000 	C:\WINDOWS\WinSxS\amd64_microsoft.windows.common-controls_6595b64144ccf1df_6.0.17134.765_none_fb42a1a930655896\COMCTL32.dll
0x00007ff9d91e0000 - 0x00007ff9d9502000 	C:\WINDOWS\System32\combase.dll
0x00007ff9d6650000 - 0x00007ff9d66ca000 	C:\WINDOWS\System32\bcryptPrimitives.dll
0x00007ff9d74a0000 - 0x00007ff9d74cd000 	C:\WINDOWS\System32\IMM32.DLL
0x000000005be20000 - 0x000000005bef2000 	C:\Program Files\Java\jdk1.8.0_111\jre\bin\msvcr100.dll
0x000000005b580000 - 0x000000005be1a000 	C:\Program Files\Java\jdk1.8.0_111\jre\bin\server\jvm.dll
0x00007ff9d8fb0000 - 0x00007ff9d8fb8000 	C:\WINDOWS\System32\PSAPI.DLL
0x00007ff9d3dd0000 - 0x00007ff9d3df3000 	C:\WINDOWS\SYSTEM32\WINMM.dll
0x00007ff9ca170000 - 0x00007ff9ca179000 	C:\WINDOWS\SYSTEM32\WSOCK32.dll
0x00007ff9c7480000 - 0x00007ff9c748a000 	C:\WINDOWS\SYSTEM32\VERSION.dll
0x00007ff9d8e80000 - 0x00007ff9d8eec000 	C:\WINDOWS\System32\WS2_32.dll
0x00007ff9d3da0000 - 0x00007ff9d3dca000 	C:\WINDOWS\SYSTEM32\WINMMBASE.dll
0x00007ff9d5ee0000 - 0x00007ff9d5f29000 	C:\WINDOWS\System32\cfgmgr32.dll
0x000000005b570000 - 0x000000005b57f000 	C:\Program Files\Java\jdk1.8.0_111\jre\bin\verify.dll
0x000000005b540000 - 0x000000005b569000 	C:\Program Files\Java\jdk1.8.0_111\jre\bin\java.dll
0x000000005b520000 - 0x000000005b536000 	C:\Program Files\Java\jdk1.8.0_111\jre\bin\zip.dll
0x00007ff9d76c0000 - 0x00007ff9d8b00000 	C:\WINDOWS\System32\SHELL32.dll
0x00007ff9d9530000 - 0x00007ff9d95d9000 	C:\WINDOWS\System32\shcore.dll
0x00007ff9d6870000 - 0x00007ff9d6f7d000 	C:\WINDOWS\System32\windows.storage.dll
0x00007ff9d95e0000 - 0x00007ff9d9631000 	C:\WINDOWS\System32\shlwapi.dll
0x00007ff9d5e30000 - 0x00007ff9d5e41000 	C:\WINDOWS\System32\kernel.appcore.dll
0x00007ff9d5e10000 - 0x00007ff9d5e2f000 	C:\WINDOWS\System32\profapi.dll
0x00007ff9d5e70000 - 0x00007ff9d5ebc000 	C:\WINDOWS\System32\powrprof.dll
0x00007ff9d5e00000 - 0x00007ff9d5e0a000 	C:\WINDOWS\System32\FLTLIB.DLL
0x000000005b500000 - 0x000000005b51a000 	C:\Program Files\Java\jdk1.8.0_111\jre\bin\net.dll
0x00007ff9d5680000 - 0x00007ff9d56e6000 	C:\WINDOWS\system32\mswsock.dll
0x000000005adf0000 - 0x000000005ae01000 	C:\Program Files\Java\jdk1.8.0_111\jre\bin\nio.dll
0x00007ff9c76f0000 - 0x00007ff9c770e000 	C:\Users\domin\.gradle\native\25\windows-amd64\native-platform.dll
0x000000005b4f0000 - 0x000000005b4fd000 	C:\Program Files\Java\jdk1.8.0_111\jre\bin\management.dll
0x00007ff9d5840000 - 0x00007ff9d5857000 	C:\WINDOWS\SYSTEM32\CRYPTSP.dll
0x00007ff9d5260000 - 0x00007ff9d5293000 	C:\WINDOWS\system32\rsaenh.dll
0x00007ff9d5960000 - 0x00007ff9d5985000 	C:\WINDOWS\SYSTEM32\bcrypt.dll
0x00007ff9d5d00000 - 0x00007ff9d5d28000 	C:\WINDOWS\SYSTEM32\USERENV.dll
0x00007ff9d5830000 - 0x00007ff9d583b000 	C:\WINDOWS\SYSTEM32\CRYPTBASE.dll
0x00007ff9d5400000 - 0x00007ff9d5438000 	C:\WINDOWS\SYSTEM32\IPHLPAPI.DLL
0x00007ff9d7030000 - 0x00007ff9d7038000 	C:\WINDOWS\System32\NSI.dll
0x00007ff9cfc10000 - 0x00007ff9cfc26000 	C:\WINDOWS\SYSTEM32\dhcpcsvc6.DLL
0x00007ff9cfbc0000 - 0x00007ff9cfbda000 	C:\WINDOWS\SYSTEM32\dhcpcsvc.DLL
0x000000005adc0000 - 0x000000005ade4000 	C:\Program Files\Java\jdk1.8.0_111\jre\bin\sunec.dll
0x00007ff9d5440000 - 0x00007ff9d54fe000 	C:\WINDOWS\SYSTEM32\DNSAPI.dll
0x00007ff9cc3e0000 - 0x00007ff9cc3ea000 	C:\Windows\System32\rasadhlp.dll
0x00007ff9cdac0000 - 0x00007ff9cdb32000 	C:\WINDOWS\System32\fwpuclnt.dll
0x000000005adb0000 - 0x000000005adbb000 	C:\Program Files\Java\jdk1.8.0_111\jre\bin\sunmscapi.dll
0x00007ff9d5f30000 - 0x00007ff9d6112000 	C:\WINDOWS\System32\CRYPT32.dll
0x00007ff9d5e50000 - 0x00007ff9d5e62000 	C:\WINDOWS\System32\MSASN1.dll
0x000000005ac10000 - 0x000000005ada8000 	C:\Program Files\Java\jdk1.8.0_111\jre\bin\awt.dll
0x00007ff9d75f0000 - 0x00007ff9d76b2000 	C:\WINDOWS\System32\OLEAUT32.dll
0x00007ff9d3ec0000 - 0x00007ff9d3f4b000 	C:\WINDOWS\SYSTEM32\apphelp.dll
0x00007ff9d42d0000 - 0x00007ff9d42f9000 	C:\WINDOWS\system32\DWMAPI.DLL
0x00007ff9d4040000 - 0x00007ff9d40d8000 	C:\WINDOWS\system32\uxtheme.dll
0x000000005abe0000 - 0x000000005ac0a000 	C:\Program Files\Java\jdk1.8.0_111\jre\bin\dcpr.dll

VM Arguments:
jvm_args: -Xmx1536m -Dfile.encoding=windows-1252 -Duser.country=US -Duser.language=en -Duser.variant 
java_command: org.gradle.launcher.daemon.bootstrap.GradleDaemon 5.1.1
java_class_path (initial): C:\Users\domin\.gradle\wrapper\dists\gradle-5.1.1-all\97z1ksx6lirer3kbvdnh7jtjg\gradle-5.1.1\lib\gradle-launcher-5.1.1.jar
Launcher Type: SUN_STANDARD

Environment Variables:
CLASSPATH=.;C:\Program Files (x86)\QuickTime\QTSystem\QTJava.zip
PATH=C:\Program Files (x86)\PHP\v5.6;C:\Program Files (x86)\Common Files\Oracle\Java\javapath;C:\ProgramData\Oracle\Java\javapath;C:\WINDOWS\system32;C:\WINDOWS;C:\WINDOWS\System32\Wbem;C:\WINDOWS\System32\WindowsPowerShell\v1.0\;C:\Program Files (x86)\QuickTime\QTSystem\;C:\Program Files (x86)\Windows Kits\8.1\Windows Performance Toolkit\;C:\Program Files\Microsoft SQL Server\110\Tools\Binn\;C:\Program Files\Microsoft SQL Server\120\DTS\Binn\;C:\Program Files\Microsoft SQL Server\Client SDK\ODBC\110\Tools\Binn\;C:\Program Files (x86)\Microsoft SQL Server\120\Tools\Binn\;C:\Program Files\Microsoft SQL Server\120\Tools\Binn\;C:\Program Files (x86)\Microsoft SQL Server\120\Tools\Binn\ManagementStudio\;C:\Program Files (x86)\Microsoft SQL Server\120\DTS\Binn\;C:\android-sdk-windows\;C:\Program Files (x86)\Calibre2\;C:\Program Files (x86)\Windows Live\Shared;C:\Program Files (x86)\GtkSharp\2.12\bin;C:\Program Files\Git\cmd;C:\WINDOWS\System32\OpenSSH\;C:\Program Files\Microsoft\Web Platform Installer\;C:\Program Files;C:\Program Files\nodejs\;C:\Users\domin\AppData\Local\Microsoft\WindowsApps;C:\Users\domin\AppData\Roaming\Dashlane\4.6.6.23032\bin\Firefox_Extension\{442718d9-475e-452a-b3e1-fb1ee16b8e9f}\components;C:\Users\domin\AppData\Local\GitHubDesktop\bin;C:\Users\domin\AppData\Local\Microsoft\WindowsApps;C:\Users\domin\AppData\Roaming\npm;C:\Users\domin\AppData\Local\Programs\Microsoft VS Code\bin
USERNAME=domin
OS=Windows_NT
PROCESSOR_IDENTIFIER=Intel64 Family 6 Model 37 Stepping 5, GenuineIntel



---------------  S Y S T E M  ---------------

OS: Windows 10.0 , 64 bit Build 17134 (10.0.17134.753)

CPU:total 4 (2 cores per cpu, 2 threads per core) family 6 model 37 stepping 5, cmov, cx8, fxsr, mmx, sse, sse2, sse3, ssse3, sse4.1, sse4.2, popcnt, ht, tsc, tscinvbit

Memory: 4k page, physical 8181612k(1745520k free), swap 10121068k(4520k free)

vm_info: Java HotSpot(TM) 64-Bit Server VM (25.111-b14) for windows-amd64 JRE (1.8.0_111-b14), built on Sep 22 2016 19:24:05 by "java_re" with MS VC++ 10.0 (VS2010)

time: Thu Jun 27 21:29:23 2019
elapsed time: 15347 seconds (0d 4h 15m 47s)

